Build started 2017/7/20 下午 02:34:16.
     1>Project "D:\TestProgram\PCA\PCAdemo1\PCAdemo1\PCAdemo1.vcxproj" on node 2 (rebuild target(s)).
     1>_PrepareForClean:
         Deleting file "Debug\PCAdemo1.lastbuildstate".
       InitializeBuildStatus:
         Creating "Debug\PCAdemo1.unsuccessfulbuild" because "AlwaysCreate" was specified.
       ClCompile:
         d:\Program Files\Microsoft Visual Studio 10.0\VC\bin\CL.exe /c /ZI /nologo /W3 /WX- /Od /Oy- /D WIN32 /D _DEBUG /D _CONSOLE /D _UNICODE /D UNICODE /Gm /EHsc /RTC1 /MDd /GS /fp:precise /Zc:wchar_t /Zc:forScope /Yc"StdAfx.h" /Fp"Debug\PCAdemo1.pch" /Fo"Debug\\" /Fd"Debug\vc100.pdb" /Gd /TP /analyze- /errorReport:prompt stdafx.cpp
         stdafx.cpp
         d:\Program Files\Microsoft Visual Studio 10.0\VC\bin\CL.exe /c /ZI /nologo /W3 /WX- /Od /Oy- /D WIN32 /D _DEBUG /D _CONSOLE /D _UNICODE /D UNICODE /Gm /EHsc /RTC1 /MDd /GS /fp:precise /Zc:wchar_t /Zc:forScope /Yu"StdAfx.h" /Fp"Debug\PCAdemo1.pch" /Fo"Debug\\" /Fd"Debug\vc100.pdb" /Gd /TP /analyze- /errorReport:prompt alglib\cpp\src\alglibinternal.cpp alglib\cpp\src\alglibmisc.cpp alglib\cpp\src\ap.cpp alglib\cpp\src\linalg.cpp MatrixOp.cpp PCA.cpp PCAdemo1.cpp
         PCAdemo1.cpp
     1>d:\testprogram\pca\pcademo1\pcademo1\pcademo1.cpp(38): warning C4996: 'sprintf': This function or variable may be unsafe. Consider using sprintf_s instead. To disable deprecation, use _CRT_SECURE_NO_WARNINGS. See online help for details.
                 d:\program files\microsoft visual studio 10.0\vc\include\stdio.h(371) : see declaration of 'sprintf'
     1>d:\testprogram\pca\pcademo1\pcademo1\pcademo1.cpp(39): warning C4996: 'fopen': This function or variable may be unsafe. Consider using fopen_s instead. To disable deprecation, use _CRT_SECURE_NO_WARNINGS. See online help for details.
                 d:\program files\microsoft visual studio 10.0\vc\include\stdio.h(234) : see declaration of 'fopen'
     1>d:\testprogram\pca\pcademo1\pcademo1\pcademo1.cpp(44): warning C4996: 'sprintf': This function or variable may be unsafe. Consider using sprintf_s instead. To disable deprecation, use _CRT_SECURE_NO_WARNINGS. See online help for details.
                 d:\program files\microsoft visual studio 10.0\vc\include\stdio.h(371) : see declaration of 'sprintf'
     1>d:\testprogram\pca\pcademo1\pcademo1\pcademo1.cpp(45): warning C4996: 'fopen': This function or variable may be unsafe. Consider using fopen_s instead. To disable deprecation, use _CRT_SECURE_NO_WARNINGS. See online help for details.
                 d:\program files\microsoft visual studio 10.0\vc\include\stdio.h(234) : see declaration of 'fopen'
     1>d:\testprogram\pca\pcademo1\pcademo1\pcademo1.cpp(53): warning C4996: 'fscanf': This function or variable may be unsafe. Consider using fscanf_s instead. To disable deprecation, use _CRT_SECURE_NO_WARNINGS. See online help for details.
                 d:\program files\microsoft visual studio 10.0\vc\include\stdio.h(253) : see declaration of 'fscanf'
     1>d:\testprogram\pca\pcademo1\pcademo1\pcademo1.cpp(61): warning C4996: 'fscanf': This function or variable may be unsafe. Consider using fscanf_s instead. To disable deprecation, use _CRT_SECURE_NO_WARNINGS. See online help for details.
                 d:\program files\microsoft visual studio 10.0\vc\include\stdio.h(253) : see declaration of 'fscanf'
         PCA.cpp
     1>d:\testprogram\pca\pcademo1\pcademo1\pca.cpp(102): warning C4996: 'fopen': This function or variable may be unsafe. Consider using fopen_s instead. To disable deprecation, use _CRT_SECURE_NO_WARNINGS. See online help for details.
                 d:\program files\microsoft visual studio 10.0\vc\include\stdio.h(234) : see declaration of 'fopen'
     1>d:\testprogram\pca\pcademo1\pcademo1\pca.cpp(140): warning C4996: 'fopen': This function or variable may be unsafe. Consider using fopen_s instead. To disable deprecation, use _CRT_SECURE_NO_WARNINGS. See online help for details.
                 d:\program files\microsoft visual studio 10.0\vc\include\stdio.h(234) : see declaration of 'fopen'
     1>d:\testprogram\pca\pcademo1\pcademo1\pca.cpp(139): warning C4101: 'dimCenter' : unreferenced local variable
         MatrixOp.cpp
         linalg.cpp
         ap.cpp
         alglibmisc.cpp
         alglibinternal.cpp
         Generating Code...
       ManifestResourceCompile:
         C:\Program Files\Microsoft SDKs\Windows\v7.0A\bin\rc.exe /nologo /fo"Debug\PCAdemo1.exe.embed.manifest.res" Debug\PCAdemo1_manifest.rc 
       Link:
         d:\Program Files\Microsoft Visual Studio 10.0\VC\bin\link.exe /ERRORREPORT:PROMPT /OUT:"D:\TestProgram\PCA\PCAdemo1\Debug\PCAdemo1.exe" /INCREMENTAL /NOLOGO FFT.lib kernel32.lib user32.lib gdi32.lib winspool.lib comdlg32.lib advapi32.lib shell32.lib ole32.lib oleaut32.lib uuid.lib odbc32.lib odbccp32.lib /MANIFEST /ManifestFile:"Debug\PCAdemo1.exe.intermediate.manifest" /MANIFESTUAC:"level='asInvoker' uiAccess='false'" /DEBUG /PDB:"D:\TestProgram\PCA\PCAdemo1\Debug\PCAdemo1.pdb" /SUBSYSTEM:CONSOLE /TLBID:1 /DYNAMICBASE /NXCOMPAT /IMPLIB:"D:\TestProgram\PCA\PCAdemo1\Debug\PCAdemo1.lib" /MACHINE:X86 Debug\PCAdemo1.exe.embed.manifest.res
         Debug\alglibinternal.obj
         Debug\alglibmisc.obj
         Debug\ap.obj
         Debug\linalg.obj
         Debug\MatrixOp.obj
         Debug\PCA.obj
         Debug\PCAdemo1.obj
         Debug\stdafx.obj
       Manifest:
         Deleting file "Debug\PCAdemo1.exe.embed.manifest".
         C:\Program Files\Microsoft SDKs\Windows\v7.0A\bin\mt.exe /nologo /verbose /out:"Debug\PCAdemo1.exe.embed.manifest" /manifest Debug\PCAdemo1.exe.intermediate.manifest
         C:\Program Files\Microsoft SDKs\Windows\v7.0A\bin\rc.exe /nologo /fo"Debug\PCAdemo1.exe.embed.manifest.res" Debug\PCAdemo1_manifest.rc 
       LinkEmbedManifest:
         d:\Program Files\Microsoft Visual Studio 10.0\VC\bin\link.exe /ERRORREPORT:PROMPT /OUT:"D:\TestProgram\PCA\PCAdemo1\Debug\PCAdemo1.exe" /INCREMENTAL /NOLOGO FFT.lib kernel32.lib user32.lib gdi32.lib winspool.lib comdlg32.lib advapi32.lib shell32.lib ole32.lib oleaut32.lib uuid.lib odbc32.lib odbccp32.lib /MANIFEST /ManifestFile:"Debug\PCAdemo1.exe.intermediate.manifest" /MANIFESTUAC:"level='asInvoker' uiAccess='false'" /DEBUG /PDB:"D:\TestProgram\PCA\PCAdemo1\Debug\PCAdemo1.pdb" /SUBSYSTEM:CONSOLE /TLBID:1 /DYNAMICBASE /NXCOMPAT /IMPLIB:"D:\TestProgram\PCA\PCAdemo1\Debug\PCAdemo1.lib" /MACHINE:X86 Debug\PCAdemo1.exe.embed.manifest.res
         Debug\alglibinternal.obj
         Debug\alglibmisc.obj
         Debug\ap.obj
         Debug\linalg.obj
         Debug\MatrixOp.obj
         Debug\PCA.obj
         Debug\PCAdemo1.obj
         Debug\stdafx.obj
         PCAdemo1.vcxproj -> D:\TestProgram\PCA\PCAdemo1\Debug\PCAdemo1.exe
       FinalizeBuildStatus:
         Deleting file "Debug\PCAdemo1.unsuccessfulbuild".
         Touching "Debug\PCAdemo1.lastbuildstate".
     1>Done Building Project "D:\TestProgram\PCA\PCAdemo1\PCAdemo1\PCAdemo1.vcxproj" (rebuild target(s)).

Build succeeded.

Time Elapsed 00:00:07.21
