D:\TESTPROGRAM\PCA\PCADEMO1\DEBUG\PCADEMO1.EXE
D:\TESTPROGRAM\PCA\PCADEMO1\DEBUG\PCADEMO1.ILK
D:\TESTPROGRAM\PCA\PCADEMO1\DEBUG\PCADEMO1.PDB
D:\TESTPROGRAM\PCA\PCADEMO1\PCADEMO1\DEBUG\ALGLIBINTERNAL.OBJ
D:\TESTPROGRAM\PCA\PCADEMO1\PCADEMO1\DEBUG\ALGLIBMISC.OBJ
D:\TESTPROGRAM\PCA\PCADEMO1\PCADEMO1\DEBUG\AP.OBJ
D:\TestProgram\PCA\PCAdemo1\PCAdemo1\Debug\cl.command.1.tlog
D:\TestProgram\PCA\PCAdemo1\PCAdemo1\Debug\CL.read.1.tlog
D:\TestProgram\PCA\PCAdemo1\PCAdemo1\Debug\CL.write.1.tlog
D:\TESTPROGRAM\PCA\PCADEMO1\PCADEMO1\DEBUG\LINALG.OBJ
D:\TestProgram\PCA\PCAdemo1\PCAdemo1\Debug\link.command.1.tlog
D:\TestProgram\PCA\PCAdemo1\PCAdemo1\Debug\link.read.1.tlog
D:\TestProgram\PCA\PCAdemo1\PCAdemo1\Debug\link.write.1.tlog
D:\TestProgram\PCA\PCAdemo1\PCAdemo1\Debug\link-cvtres.read.1.tlog
D:\TestProgram\PCA\PCAdemo1\PCAdemo1\Debug\link-cvtres.write.1.tlog
D:\TESTPROGRAM\PCA\PCADEMO1\PCADEMO1\DEBUG\MATRIXOP.OBJ
D:\TestProgram\PCA\PCAdemo1\PCAdemo1\Debug\mt.command.1.tlog
D:\TestProgram\PCA\PCAdemo1\PCAdemo1\Debug\mt.read.1.tlog
D:\TestProgram\PCA\PCAdemo1\PCAdemo1\Debug\mt.write.1.tlog
D:\TESTPROGRAM\PCA\PCADEMO1\PCADEMO1\DEBUG\PCA.OBJ
D:\TESTPROGRAM\PCA\PCADEMO1\PCADEMO1\DEBUG\PCADEMO1.EXE.EMBED.MANIFEST
D:\TESTPROGRAM\PCA\PCADEMO1\PCADEMO1\DEBUG\PCADEMO1.EXE.EMBED.MANIFEST.RES
D:\TESTPROGRAM\PCA\PCADEMO1\PCADEMO1\DEBUG\PCADEMO1.EXE.INTERMEDIATE.MANIFEST
D:\TESTPROGRAM\PCA\PCADEMO1\PCADEMO1\DEBUG\PCADEMO1.OBJ
D:\TESTPROGRAM\PCA\PCADEMO1\PCADEMO1\DEBUG\PCADEMO1.PCH
D:\TestProgram\PCA\PCAdemo1\PCAdemo1\Debug\PCAdemo1.write.1.tlog
D:\TestProgram\PCA\PCAdemo1\PCAdemo1\Debug\PCAdemo1_manifest.rc
D:\TestProgram\PCA\PCAdemo1\PCAdemo1\Debug\rc.command.1.tlog
D:\TestProgram\PCA\PCAdemo1\PCAdemo1\Debug\rc.read.1.tlog
D:\TestProgram\PCA\PCAdemo1\PCAdemo1\Debug\rc.write.1.tlog
D:\TESTPROGRAM\PCA\PCADEMO1\PCADEMO1\DEBUG\STDAFX.OBJ
D:\TestProgram\PCA\PCAdemo1\PCAdemo1\Debug\vc100.idb
D:\TESTPROGRAM\PCA\PCADEMO1\PCADEMO1\DEBUG\VC100.PDB
